<?xml version="1.0" encoding="UTF-8"?>
<!-- Generated by org.testng.reporters.JUnitXMLReporter -->
<testsuite ignored="0" hostname="DESKTOP-15OUN1B" failures="0" tests="3" name="Default test" time="13.068" errors="0" timestamp="2024-04-02T21:54:54 IST">
  <testcase classname="com.CRM.TestCases.HomePageTest" name="verifyUrl" time="0.088"/>
  <testcase classname="com.CRM.TestCases.HomePageTest" name="verifyTitle" time="0.081"/>
  <testcase classname="com.CRM.TestCases.HomePageTest" name="verifySignIn" time="2.383"/>
</testsuite> <!-- Default test -->
