<?xml version="1.0" encoding="UTF-8"?>
<!-- Generated by org.testng.reporters.JUnitXMLReporter -->
<testsuite ignored="0" hostname="DESKTOP-15OUN1B" failures="0" tests="3" name="Test" time="13.136" errors="0" timestamp="2024-04-03T20:06:19 IST">
  <testcase classname="com.CRM.TestCases.HomePageTest" name="verifyUrl" time="0.617"/>
  <testcase classname="com.CRM.TestCases.HomePageTest" name="verifyTitle" time="0.063"/>
  <testcase classname="com.CRM.TestCases.HomePageTest" name="verifySignIn" time="2.743"/>
</testsuite> <!-- Test -->
